<?xml version="1.0" encoding="UTF-8"?>
<testng-results skipped="0" failed="0" total="1" passed="1">
  <reporter-output>
  </reporter-output>
  <suite name="Default suite" duration-ms="43542" started-at="2018-10-05T11:57:53Z" finished-at="2018-10-05T11:58:37Z">
    <groups>
    </groups>
    <test name="Default test" duration-ms="43542" started-at="2018-10-05T11:57:53Z" finished-at="2018-10-05T11:58:37Z">
      <class name="testCases.TestCase_1">
        <test-method status="PASS" signature="Launch()[pri:0, instance:testCases.TestCase_1@4b9e13df]" name="Launch" is-config="true" duration-ms="25536" started-at="2018-10-05T17:27:53Z" finished-at="2018-10-05T17:28:19Z">
          <reporter-output>
          </reporter-output>
        </test-method> <!-- Launch -->
        <test-method status="PASS" signature="Method1()[pri:0, instance:testCases.TestCase_1@4b9e13df]" name="Method1" duration-ms="17340" started-at="2018-10-05T17:28:19Z" finished-at="2018-10-05T17:28:36Z">
          <reporter-output>
          </reporter-output>
        </test-method> <!-- Method1 -->
        <test-method status="PASS" signature="CleanUp()[pri:0, instance:testCases.TestCase_1@4b9e13df]" name="CleanUp" is-config="true" duration-ms="650" started-at="2018-10-05T17:28:36Z" finished-at="2018-10-05T17:28:37Z">
          <reporter-output>
          </reporter-output>
        </test-method> <!-- CleanUp -->
      </class> <!-- testCases.TestCase_1 -->
    </test> <!-- Default test -->
  </suite> <!-- Default suite -->
</testng-results>
